  drawLibLOZKO.cpp
C:\Users\Виктор\Desktop\OGL_\tut_Basic_Objects\drawLibLOZKO.cpp(7,23): warning C4305: аргумент: усечение из "double" в "GLfloat"
C:\Users\Виктор\Desktop\OGL_\tut_Basic_Objects\drawLibLOZKO.cpp(16,40): warning C4305: +=: усечение из "double" в "float"
C:\Users\Виктор\Desktop\OGL_\tut_Basic_Objects\drawLibLOZKO.cpp(31,24): warning C4305: аргумент: усечение из "double" в "GLfloat"
C:\Users\Виктор\Desktop\OGL_\tut_Basic_Objects\drawLibLOZKO.cpp(32,22): warning C4305: аргумент: усечение из "double" в "GLfloat"
C:\Users\Виктор\Desktop\OGL_\tut_Basic_Objects\drawLibLOZKO.cpp(33,25): warning C4305: аргумент: усечение из "double" в "GLfloat"
C:\Users\Виктор\Desktop\OGL_\tut_Basic_Objects\drawLibLOZKO.cpp(35,24): warning C4305: аргумент: усечение из "double" в "GLfloat"
C:\Users\Виктор\Desktop\OGL_\tut_Basic_Objects\drawLibLOZKO.cpp(36,24): warning C4305: аргумент: усечение из "double" в "GLfloat"
C:\Users\Виктор\Desktop\OGL_\tut_Basic_Objects\drawLibLOZKO.cpp(37,25): warning C4305: аргумент: усечение из "double" в "GLfloat"
C:\Users\Виктор\Desktop\OGL_\tut_Basic_Objects\drawLibLOZKO.cpp(38,24): warning C4305: аргумент: усечение из "double" в "GLfloat"
C:\Users\Виктор\Desktop\OGL_\tut_Basic_Objects\drawLibLOZKO.cpp(39,24): warning C4305: аргумент: усечение из "double" в "GLfloat"
C:\Users\Виктор\Desktop\OGL_\tut_Basic_Objects\drawLibLOZKO.cpp(40,21): warning C4305: аргумент: усечение из "double" в "GLfloat"
C:\Users\Виктор\Desktop\OGL_\tut_Basic_Objects\drawLibLOZKO.cpp(42,28): warning C4305: аргумент: усечение из "double" в "GLfloat"
C:\Users\Виктор\Desktop\OGL_\tut_Basic_Objects\drawLibLOZKO.cpp(43,22): warning C4305: аргумент: усечение из "double" в "GLfloat"
C:\Users\Виктор\Desktop\OGL_\tut_Basic_Objects\drawLibLOZKO.cpp(44,26): warning C4305: аргумент: усечение из "double" в "GLfloat"
C:\Users\Виктор\Desktop\OGL_\tut_Basic_Objects\drawLibLOZKO.cpp(45,22): warning C4305: аргумент: усечение из "double" в "GLfloat"
C:\Users\Виктор\Desktop\OGL_\tut_Basic_Objects\drawLibLOZKO.cpp(46,25): warning C4305: аргумент: усечение из "double" в "GLfloat"
C:\Users\Виктор\Desktop\OGL_\tut_Basic_Objects\drawLibLOZKO.cpp(47,23): warning C4305: аргумент: усечение из "double" в "GLfloat"
C:\Users\Виктор\Desktop\OGL_\tut_Basic_Objects\drawLibLOZKO.cpp(49,24): warning C4305: аргумент: усечение из "double" в "GLfloat"
C:\Users\Виктор\Desktop\OGL_\tut_Basic_Objects\drawLibLOZKO.cpp(50,23): warning C4305: аргумент: усечение из "double" в "GLfloat"
C:\Users\Виктор\Desktop\OGL_\tut_Basic_Objects\drawLibLOZKO.cpp(51,24): warning C4305: аргумент: усечение из "double" в "GLfloat"
C:\Users\Виктор\Desktop\OGL_\tut_Basic_Objects\drawLibLOZKO.cpp(52,24): warning C4305: аргумент: усечение из "double" в "GLfloat"
C:\Users\Виктор\Desktop\OGL_\tut_Basic_Objects\drawLibLOZKO.cpp(53,23): warning C4305: аргумент: усечение из "double" в "GLfloat"
C:\Users\Виктор\Desktop\OGL_\tut_Basic_Objects\drawLibLOZKO.cpp(55,24): warning C4305: аргумент: усечение из "double" в "GLfloat"
C:\Users\Виктор\Desktop\OGL_\tut_Basic_Objects\drawLibLOZKO.cpp(56,22): warning C4305: аргумент: усечение из "double" в "GLfloat"
C:\Users\Виктор\Desktop\OGL_\tut_Basic_Objects\drawLibLOZKO.cpp(57,24): warning C4305: аргумент: усечение из "double" в "GLfloat"
C:\Users\Виктор\Desktop\OGL_\tut_Basic_Objects\drawLibLOZKO.cpp(58,23): warning C4305: аргумент: усечение из "double" в "GLfloat"
C:\Users\Виктор\Desktop\OGL_\tut_Basic_Objects\drawLibLOZKO.cpp(59,22): warning C4305: аргумент: усечение из "double" в "GLfloat"
C:\Users\Виктор\Desktop\OGL_\tut_Basic_Objects\drawLibLOZKO.cpp(61,25): warning C4305: аргумент: усечение из "double" в "GLfloat"
C:\Users\Виктор\Desktop\OGL_\tut_Basic_Objects\drawLibLOZKO.cpp(62,25): warning C4305: аргумент: усечение из "double" в "GLfloat"
C:\Users\Виктор\Desktop\OGL_\tut_Basic_Objects\drawLibLOZKO.cpp(63,25): warning C4305: аргумент: усечение из "double" в "GLfloat"
C:\Users\Виктор\Desktop\OGL_\tut_Basic_Objects\drawLibLOZKO.cpp(64,25): warning C4305: аргумент: усечение из "double" в "GLfloat"
C:\Users\Виктор\Desktop\OGL_\tut_Basic_Objects\drawLibLOZKO.cpp(66,25): warning C4305: аргумент: усечение из "double" в "GLfloat"
C:\Users\Виктор\Desktop\OGL_\tut_Basic_Objects\drawLibLOZKO.cpp(67,24): warning C4305: аргумент: усечение из "double" в "GLfloat"
C:\Users\Виктор\Desktop\OGL_\tut_Basic_Objects\drawLibLOZKO.cpp(68,24): warning C4305: аргумент: усечение из "double" в "GLfloat"
C:\Users\Виктор\Desktop\OGL_\tut_Basic_Objects\drawLibLOZKO.cpp(69,24): warning C4305: аргумент: усечение из "double" в "GLfloat"
C:\Users\Виктор\Desktop\OGL_\tut_Basic_Objects\drawLibLOZKO.cpp(71,28): warning C4305: аргумент: усечение из "double" в "GLfloat"
C:\Users\Виктор\Desktop\OGL_\tut_Basic_Objects\drawLibLOZKO.cpp(72,25): warning C4305: аргумент: усечение из "double" в "GLfloat"
C:\Users\Виктор\Desktop\OGL_\tut_Basic_Objects\drawLibLOZKO.cpp(73,25): warning C4305: аргумент: усечение из "double" в "GLfloat"
C:\Users\Виктор\Desktop\OGL_\tut_Basic_Objects\drawLibLOZKO.cpp(74,24): warning C4305: аргумент: усечение из "double" в "GLfloat"
C:\Users\Виктор\Desktop\OGL_\tut_Basic_Objects\drawLibLOZKO.cpp(76,26): warning C4305: аргумент: усечение из "double" в "GLfloat"
C:\Users\Виктор\Desktop\OGL_\tut_Basic_Objects\drawLibLOZKO.cpp(77,26): warning C4305: аргумент: усечение из "double" в "GLfloat"
C:\Users\Виктор\Desktop\OGL_\tut_Basic_Objects\drawLibLOZKO.cpp(78,26): warning C4305: аргумент: усечение из "double" в "GLfloat"
C:\Users\Виктор\Desktop\OGL_\tut_Basic_Objects\drawLibLOZKO.cpp(79,25): warning C4305: аргумент: усечение из "double" в "GLfloat"
C:\Users\Виктор\Desktop\OGL_\tut_Basic_Objects\drawLibLOZKO.cpp(81,25): warning C4305: аргумент: усечение из "double" в "GLfloat"
C:\Users\Виктор\Desktop\OGL_\tut_Basic_Objects\drawLibLOZKO.cpp(82,23): warning C4305: аргумент: усечение из "double" в "GLfloat"
C:\Users\Виктор\Desktop\OGL_\tut_Basic_Objects\drawLibLOZKO.cpp(83,25): warning C4305: аргумент: усечение из "double" в "GLfloat"
C:\Users\Виктор\Desktop\OGL_\tut_Basic_Objects\drawLibLOZKO.cpp(84,24): warning C4305: аргумент: усечение из "double" в "GLfloat"
C:\Users\Виктор\Desktop\OGL_\tut_Basic_Objects\drawLibLOZKO.cpp(93,25): warning C4305: аргумент: усечение из "double" в "GLfloat"
C:\Users\Виктор\Desktop\OGL_\tut_Basic_Objects\drawLibLOZKO.cpp(94,24): warning C4305: аргумент: усечение из "double" в "GLfloat"
C:\Users\Виктор\Desktop\OGL_\tut_Basic_Objects\drawLibLOZKO.cpp(95,24): warning C4305: аргумент: усечение из "double" в "GLfloat"
C:\Users\Виктор\Desktop\OGL_\tut_Basic_Objects\drawLibLOZKO.cpp(96,25): warning C4305: аргумент: усечение из "double" в "GLfloat"
C:\Users\Виктор\Desktop\OGL_\tut_Basic_Objects\drawLibLOZKO.cpp(100,25): warning C4305: аргумент: усечение из "double" в "GLfloat"
C:\Users\Виктор\Desktop\OGL_\tut_Basic_Objects\drawLibLOZKO.cpp(101,26): warning C4305: аргумент: усечение из "double" в "GLfloat"
C:\Users\Виктор\Desktop\OGL_\tut_Basic_Objects\drawLibLOZKO.cpp(103,25): warning C4305: аргумент: усечение из "double" в "GLfloat"
C:\Users\Виктор\Desktop\OGL_\tut_Basic_Objects\drawLibLOZKO.cpp(106,25): warning C4305: аргумент: усечение из "double" в "GLfloat"
C:\Users\Виктор\Desktop\OGL_\tut_Basic_Objects\drawLibLOZKO.cpp(107,26): warning C4305: аргумент: усечение из "double" в "GLfloat"
C:\Users\Виктор\Desktop\OGL_\tut_Basic_Objects\drawLibLOZKO.cpp(108,26): warning C4305: аргумент: усечение из "double" в "GLfloat"
C:\Users\Виктор\Desktop\OGL_\tut_Basic_Objects\drawLibLOZKO.cpp(109,25): warning C4305: аргумент: усечение из "double" в "GLfloat"
C:\Users\Виктор\Desktop\OGL_\tut_Basic_Objects\drawLibLOZKO.cpp(112,24): warning C4305: аргумент: усечение из "double" в "GLfloat"
C:\Users\Виктор\Desktop\OGL_\tut_Basic_Objects\drawLibLOZKO.cpp(113,25): warning C4305: аргумент: усечение из "double" в "GLfloat"
C:\Users\Виктор\Desktop\OGL_\tut_Basic_Objects\drawLibLOZKO.cpp(114,25): warning C4305: аргумент: усечение из "double" в "GLfloat"
C:\Users\Виктор\Desktop\OGL_\tut_Basic_Objects\drawLibLOZKO.cpp(115,24): warning C4305: аргумент: усечение из "double" в "GLfloat"
C:\Users\Виктор\Desktop\OGL_\tut_Basic_Objects\drawLibLOZKO.cpp(118,24): warning C4305: аргумент: усечение из "double" в "GLfloat"
C:\Users\Виктор\Desktop\OGL_\tut_Basic_Objects\drawLibLOZKO.cpp(119,25): warning C4305: аргумент: усечение из "double" в "GLfloat"
C:\Users\Виктор\Desktop\OGL_\tut_Basic_Objects\drawLibLOZKO.cpp(120,25): warning C4305: аргумент: усечение из "double" в "GLfloat"
C:\Users\Виктор\Desktop\OGL_\tut_Basic_Objects\drawLibLOZKO.cpp(121,24): warning C4305: аргумент: усечение из "double" в "GLfloat"
C:\Users\Виктор\Desktop\OGL_\tut_Basic_Objects\drawLibLOZKO.cpp(127,28): warning C4305: аргумент: усечение из "double" в "GLfloat"
C:\Users\Виктор\Desktop\OGL_\tut_Basic_Objects\drawLibLOZKO.cpp(128,24): warning C4305: аргумент: усечение из "double" в "GLfloat"
C:\Users\Виктор\Desktop\OGL_\tut_Basic_Objects\drawLibLOZKO.cpp(129,28): warning C4305: аргумент: усечение из "double" в "GLfloat"
C:\Users\Виктор\Desktop\OGL_\tut_Basic_Objects\drawLibLOZKO.cpp(130,24): warning C4305: аргумент: усечение из "double" в "GLfloat"
C:\Users\Виктор\Desktop\OGL_\tut_Basic_Objects\drawLibLOZKO.cpp(131,28): warning C4305: аргумент: усечение из "double" в "GLfloat"
C:\Users\Виктор\Desktop\OGL_\tut_Basic_Objects\drawLibLOZKO.cpp(134,24): warning C4305: аргумент: усечение из "double" в "GLfloat"
C:\Users\Виктор\Desktop\OGL_\tut_Basic_Objects\drawLibLOZKO.cpp(135,25): warning C4305: аргумент: усечение из "double" в "GLfloat"
C:\Users\Виктор\Desktop\OGL_\tut_Basic_Objects\drawLibLOZKO.cpp(136,24): warning C4305: аргумент: усечение из "double" в "GLfloat"
C:\Users\Виктор\Desktop\OGL_\tut_Basic_Objects\drawLibLOZKO.cpp(137,25): warning C4305: аргумент: усечение из "double" в "GLfloat"
C:\Users\Виктор\Desktop\OGL_\tut_Basic_Objects\drawLibLOZKO.cpp(138,25): warning C4305: аргумент: усечение из "double" в "GLfloat"
C:\Users\Виктор\Desktop\OGL_\tut_Basic_Objects\drawLibLOZKO.cpp(140,28): warning C4305: аргумент: усечение из "double" в "GLfloat"
C:\Users\Виктор\Desktop\OGL_\tut_Basic_Objects\drawLibLOZKO.cpp(141,24): warning C4305: аргумент: усечение из "double" в "GLfloat"
C:\Users\Виктор\Desktop\OGL_\tut_Basic_Objects\drawLibLOZKO.cpp(142,26): warning C4305: аргумент: усечение из "double" в "GLfloat"
C:\Users\Виктор\Desktop\OGL_\tut_Basic_Objects\drawLibLOZKO.cpp(143,26): warning C4305: аргумент: усечение из "double" в "GLfloat"
C:\Users\Виктор\Desktop\OGL_\tut_Basic_Objects\drawLibLOZKO.cpp(153,24): warning C4305: аргумент: усечение из "double" в "GLfloat"
C:\Users\Виктор\Desktop\OGL_\tut_Basic_Objects\drawLibLOZKO.cpp(155,24): warning C4305: аргумент: усечение из "double" в "GLfloat"
C:\Users\Виктор\Desktop\OGL_\tut_Basic_Objects\drawLibLOZKO.cpp(157,24): warning C4305: аргумент: усечение из "double" в "GLfloat"
C:\Users\Виктор\Desktop\OGL_\tut_Basic_Objects\drawLibLOZKO.cpp(160,23): warning C4305: аргумент: усечение из "double" в "GLfloat"
C:\Users\Виктор\Desktop\OGL_\tut_Basic_Objects\drawLibLOZKO.cpp(162,24): warning C4305: аргумент: усечение из "double" в "GLfloat"
C:\Users\Виктор\Desktop\OGL_\tut_Basic_Objects\drawLibLOZKO.cpp(164,24): warning C4305: аргумент: усечение из "double" в "GLfloat"
C:\Users\Виктор\Desktop\OGL_\tut_Basic_Objects\drawLibLOZKO.cpp(167,26): warning C4305: аргумент: усечение из "double" в "GLfloat"
C:\Users\Виктор\Desktop\OGL_\tut_Basic_Objects\drawLibLOZKO.cpp(169,23): warning C4305: аргумент: усечение из "double" в "GLfloat"
C:\Users\Виктор\Desktop\OGL_\tut_Basic_Objects\drawLibLOZKO.cpp(171,22): warning C4305: аргумент: усечение из "double" в "GLfloat"
C:\Users\Виктор\Desktop\OGL_\tut_Basic_Objects\drawLibLOZKO.cpp(177,27): warning C4305: аргумент: усечение из "double" в "GLfloat"
C:\Users\Виктор\Desktop\OGL_\tut_Basic_Objects\drawLibLOZKO.cpp(178,25): warning C4305: аргумент: усечение из "double" в "GLfloat"
C:\Users\Виктор\Desktop\OGL_\tut_Basic_Objects\drawLibLOZKO.cpp(179,27): warning C4305: аргумент: усечение из "double" в "GLfloat"
C:\Users\Виктор\Desktop\OGL_\tut_Basic_Objects\drawLibLOZKO.cpp(180,25): warning C4305: аргумент: усечение из "double" в "GLfloat"
C:\Users\Виктор\Desktop\OGL_\tut_Basic_Objects\drawLibLOZKO.cpp(181,27): warning C4305: аргумент: усечение из "double" в "GLfloat"
C:\Users\Виктор\Desktop\OGL_\tut_Basic_Objects\drawLibLOZKO.cpp(182,25): warning C4305: аргумент: усечение из "double" в "GLfloat"
C:\Users\Виктор\Desktop\OGL_\tut_Basic_Objects\drawLibLOZKO.cpp(183,25): warning C4305: аргумент: усечение из "double" в "GLfloat"
  main.cpp
C:\Users\Виктор\Desktop\OGL_\tut_Basic_Objects\main.cpp(46,25): warning C4305: аргумент: усечение из "double" в "GLfloat"
C:\Users\Виктор\Desktop\OGL_\tut_Basic_Objects\main.cpp(56,27): warning C4305: аргумент: усечение из "double" в "GLfloat"
C:\Users\Виктор\Desktop\OGL_\tut_Basic_Objects\main.cpp(73,18): warning C4305: +=: усечение из "double" в "float"
C:\Users\Виктор\Desktop\OGL_\tut_Basic_Objects\main.cpp(81,23): warning C4244: =: преобразование "double" в "float", возможна потеря данных
C:\Users\Виктор\Desktop\OGL_\tut_Basic_Objects\main.cpp(85,23): warning C4244: =: преобразование "double" в "float", возможна потеря данных
C:\Users\Виктор\Desktop\OGL_\tut_Basic_Objects\main.cpp(89,23): warning C4244: =: преобразование "double" в "float", возможна потеря данных
C:\Users\Виктор\Desktop\OGL_\tut_Basic_Objects\main.cpp(93,23): warning C4244: =: преобразование "double" в "float", возможна потеря данных
C:\Users\Виктор\Desktop\OGL_\tut_Basic_Objects\main.cpp(145,28): warning C4305: аргумент: усечение из "double" в "GLfloat"
C:\Users\Виктор\Desktop\OGL_\tut_Basic_Objects\main.cpp(146,26): warning C4305: аргумент: усечение из "double" в "GLfloat"
C:\Users\Виктор\Desktop\OGL_\tut_Basic_Objects\main.cpp(147,25): warning C4305: аргумент: усечение из "double" в "GLfloat"
C:\Users\Виктор\Desktop\OGL_\tut_Basic_Objects\main.cpp(148,24): warning C4305: аргумент: усечение из "double" в "GLfloat"
C:\Users\Виктор\Desktop\OGL_\tut_Basic_Objects\main.cpp(149,25): warning C4305: аргумент: усечение из "double" в "GLfloat"
C:\Users\Виктор\Desktop\OGL_\tut_Basic_Objects\main.cpp(158,25): warning C4305: аргумент: усечение из "double" в "GLfloat"
C:\Users\Виктор\Desktop\OGL_\tut_Basic_Objects\main.cpp(164,24): warning C4305: аргумент: усечение из "double" в "GLfloat"
C:\Users\Виктор\Desktop\OGL_\tut_Basic_Objects\main.cpp(165,24): warning C4305: аргумент: усечение из "double" в "GLfloat"
C:\Users\Виктор\Desktop\OGL_\tut_Basic_Objects\main.cpp(166,22): warning C4305: аргумент: усечение из "double" в "GLfloat"
C:\Users\Виктор\Desktop\OGL_\tut_Basic_Objects\main.cpp(167,25): warning C4305: аргумент: усечение из "double" в "GLfloat"
C:\Users\Виктор\Desktop\OGL_\tut_Basic_Objects\main.cpp(169,24): warning C4305: аргумент: усечение из "double" в "GLfloat"
C:\Users\Виктор\Desktop\OGL_\tut_Basic_Objects\main.cpp(170,24): warning C4305: аргумент: усечение из "double" в "GLfloat"
C:\Users\Виктор\Desktop\OGL_\tut_Basic_Objects\main.cpp(171,25): warning C4305: аргумент: усечение из "double" в "GLfloat"
C:\Users\Виктор\Desktop\OGL_\tut_Basic_Objects\main.cpp(172,24): warning C4305: аргумент: усечение из "double" в "GLfloat"
C:\Users\Виктор\Desktop\OGL_\tut_Basic_Objects\main.cpp(173,24): warning C4305: аргумент: усечение из "double" в "GLfloat"
C:\Users\Виктор\Desktop\OGL_\tut_Basic_Objects\main.cpp(174,21): warning C4305: аргумент: усечение из "double" в "GLfloat"
C:\Users\Виктор\Desktop\OGL_\tut_Basic_Objects\main.cpp(176,24): warning C4305: аргумент: усечение из "double" в "GLfloat"
C:\Users\Виктор\Desktop\OGL_\tut_Basic_Objects\main.cpp(177,22): warning C4305: аргумент: усечение из "double" в "GLfloat"
C:\Users\Виктор\Desktop\OGL_\tut_Basic_Objects\main.cpp(178,24): warning C4305: аргумент: усечение из "double" в "GLfloat"
C:\Users\Виктор\Desktop\OGL_\tut_Basic_Objects\main.cpp(179,22): warning C4305: аргумент: усечение из "double" в "GLfloat"
C:\Users\Виктор\Desktop\OGL_\tut_Basic_Objects\main.cpp(180,25): warning C4305: аргумент: усечение из "double" в "GLfloat"
C:\Users\Виктор\Desktop\OGL_\tut_Basic_Objects\main.cpp(181,23): warning C4305: аргумент: усечение из "double" в "GLfloat"
C:\Users\Виктор\Desktop\OGL_\tut_Basic_Objects\main.cpp(183,24): warning C4305: аргумент: усечение из "double" в "GLfloat"
C:\Users\Виктор\Desktop\OGL_\tut_Basic_Objects\main.cpp(184,23): warning C4305: аргумент: усечение из "double" в "GLfloat"
C:\Users\Виктор\Desktop\OGL_\tut_Basic_Objects\main.cpp(185,24): warning C4305: аргумент: усечение из "double" в "GLfloat"
C:\Users\Виктор\Desktop\OGL_\tut_Basic_Objects\main.cpp(186,24): warning C4305: аргумент: усечение из "double" в "GLfloat"
C:\Users\Виктор\Desktop\OGL_\tut_Basic_Objects\main.cpp(187,23): warning C4305: аргумент: усечение из "double" в "GLfloat"
C:\Users\Виктор\Desktop\OGL_\tut_Basic_Objects\main.cpp(189,24): warning C4305: аргумент: усечение из "double" в "GLfloat"
C:\Users\Виктор\Desktop\OGL_\tut_Basic_Objects\main.cpp(190,22): warning C4305: аргумент: усечение из "double" в "GLfloat"
C:\Users\Виктор\Desktop\OGL_\tut_Basic_Objects\main.cpp(191,24): warning C4305: аргумент: усечение из "double" в "GLfloat"
C:\Users\Виктор\Desktop\OGL_\tut_Basic_Objects\main.cpp(192,23): warning C4305: аргумент: усечение из "double" в "GLfloat"
C:\Users\Виктор\Desktop\OGL_\tut_Basic_Objects\main.cpp(193,22): warning C4305: аргумент: усечение из "double" в "GLfloat"
C:\Users\Виктор\Desktop\OGL_\tut_Basic_Objects\main.cpp(195,25): warning C4305: аргумент: усечение из "double" в "GLfloat"
C:\Users\Виктор\Desktop\OGL_\tut_Basic_Objects\main.cpp(196,25): warning C4305: аргумент: усечение из "double" в "GLfloat"
C:\Users\Виктор\Desktop\OGL_\tut_Basic_Objects\main.cpp(197,25): warning C4305: аргумент: усечение из "double" в "GLfloat"
C:\Users\Виктор\Desktop\OGL_\tut_Basic_Objects\main.cpp(198,25): warning C4305: аргумент: усечение из "double" в "GLfloat"
C:\Users\Виктор\Desktop\OGL_\tut_Basic_Objects\main.cpp(200,25): warning C4305: аргумент: усечение из "double" в "GLfloat"
C:\Users\Виктор\Desktop\OGL_\tut_Basic_Objects\main.cpp(201,24): warning C4305: аргумент: усечение из "double" в "GLfloat"
C:\Users\Виктор\Desktop\OGL_\tut_Basic_Objects\main.cpp(202,24): warning C4305: аргумент: усечение из "double" в "GLfloat"
C:\Users\Виктор\Desktop\OGL_\tut_Basic_Objects\main.cpp(203,24): warning C4305: аргумент: усечение из "double" в "GLfloat"
C:\Users\Виктор\Desktop\OGL_\tut_Basic_Objects\main.cpp(205,25): warning C4305: аргумент: усечение из "double" в "GLfloat"
C:\Users\Виктор\Desktop\OGL_\tut_Basic_Objects\main.cpp(206,25): warning C4305: аргумент: усечение из "double" в "GLfloat"
C:\Users\Виктор\Desktop\OGL_\tut_Basic_Objects\main.cpp(207,25): warning C4305: аргумент: усечение из "double" в "GLfloat"
C:\Users\Виктор\Desktop\OGL_\tut_Basic_Objects\main.cpp(208,24): warning C4305: аргумент: усечение из "double" в "GLfloat"
C:\Users\Виктор\Desktop\OGL_\tut_Basic_Objects\main.cpp(210,25): warning C4305: аргумент: усечение из "double" в "GLfloat"
C:\Users\Виктор\Desktop\OGL_\tut_Basic_Objects\main.cpp(211,26): warning C4305: аргумент: усечение из "double" в "GLfloat"
C:\Users\Виктор\Desktop\OGL_\tut_Basic_Objects\main.cpp(212,26): warning C4305: аргумент: усечение из "double" в "GLfloat"
C:\Users\Виктор\Desktop\OGL_\tut_Basic_Objects\main.cpp(213,25): warning C4305: аргумент: усечение из "double" в "GLfloat"
C:\Users\Виктор\Desktop\OGL_\tut_Basic_Objects\main.cpp(215,25): warning C4305: аргумент: усечение из "double" в "GLfloat"
C:\Users\Виктор\Desktop\OGL_\tut_Basic_Objects\main.cpp(216,23): warning C4305: аргумент: усечение из "double" в "GLfloat"
C:\Users\Виктор\Desktop\OGL_\tut_Basic_Objects\main.cpp(217,25): warning C4305: аргумент: усечение из "double" в "GLfloat"
C:\Users\Виктор\Desktop\OGL_\tut_Basic_Objects\main.cpp(218,24): warning C4305: аргумент: усечение из "double" в "GLfloat"
  Создание кода...
  tut_Basic_Objects.vcxproj -> C:\Users\Виктор\Desktop\OGL_\Debug\tut_Basic_Objects.exe
